This is pdfTeX, Version 3.14159265-2.6-1.40.20 (TeX Live 2019/Debian) (preloaded format=pdflatex 2019.11.14)  26 NOV 2019 23:07
entering extended mode
 restricted \write18 enabled.
 file:line:error style messages enabled.
 %&-line parsing enabled.
**/home/sb/dev/Projects-bi/cricket/g13odi/main.tex
(/home/sb/dev/Projects-bi/cricket/g13odi/main.tex
LaTeX2e <2019-10-01> patch level 3
(/home/sb/dev/Projects-bi/cricket/g13odi/wlscirep.cls
Document Class: wlscirep 27/02/2017, v1.3
(/usr/share/texlive/texmf-dist/tex/latex/base/inputenc.sty
Package: inputenc 2018/08/11 v1.3c Input encoding file
\inpenc@prehook=\toks14
\inpenc@posthook=\toks15
) (/usr/share/texlive/texmf-dist/tex/generic/babel/babel.sty
Package: babel 2019/10/15 3.35 The Babel package
 (/usr/share/texlive/texmf-dist/tex/generic/babel/switch.def
File: switch.def 2019/10/15 3.35 Babel switching mechanism
) (/usr/share/texlive/texmf-dist/tex/generic/babel-english/english.ldf
Language: english 2017/06/06 v3.3r English support from the babel system
 (/usr/share/texlive/texmf-dist/tex/generic/babel/babel.def
File: babel.def 2019/10/15 3.35 Babel common definitions
\babel@savecnt=\count80
\U@D=\dimen102
 (/usr/share/texlive/texmf-dist/tex/generic/babel/txtbabel.def)
\bbl@dirlevel=\count81
)
\l@canadian = a dialect from \language\l@american 
\l@australian = a dialect from \language\l@british 
\l@newzealand = a dialect from \language\l@british 
)) (/usr/share/texlive/texmf-dist/tex/latex/base/ifthen.sty
Package: ifthen 2014/09/29 v1.1c Standard LaTeX ifthen package (DPC)
) (/usr/share/texlive/texmf-dist/tex/latex/tools/calc.sty
Package: calc 2017/05/25 v4.3 Infix arithmetic (KKT,FJ)
\calc@Acount=\count82
\calc@Bcount=\count83
\calc@Adimen=\dimen103
\calc@Bdimen=\dimen104
\calc@Askip=\skip41
\calc@Bskip=\skip42
LaTeX Info: Redefining \setlength on input line 80.
LaTeX Info: Redefining \addtolength on input line 81.
\calc@Ccount=\count84
\calc@Cskip=\skip43
) (/usr/share/texlive/texmf-dist/tex/latex/base/article.cls
Document Class: article 2019/10/25 v1.4k Standard LaTeX document class
(/usr/share/texlive/texmf-dist/tex/latex/base/fleqn.clo
File: fleqn.clo 2016/12/29 v1.2b Standard LaTeX option (flush left equations)
\mathindent=\dimen105
Applying: [2015/01/01] Make \[ robust on input line 50.
LaTeX Info: Redefining \[ on input line 51.
Already applied: [0000/00/00] Make \[ robust on input line 62.
Applying: [2015/01/01] Make \] robust on input line 74.
LaTeX Info: Redefining \] on input line 75.
Already applied: [0000/00/00] Make \] robust on input line 83.
) (/usr/share/texlive/texmf-dist/tex/latex/base/size10.clo
File: size10.clo 2019/10/25 v1.4k Standard LaTeX file (size option)
)
\c@part=\count85
\c@section=\count86
\c@subsection=\count87
\c@subsubsection=\count88
\c@paragraph=\count89
\c@subparagraph=\count90
\c@figure=\count91
\c@table=\count92
\abovecaptionskip=\skip44
\belowcaptionskip=\skip45
\bibindent=\dimen106
) (/usr/share/texlive/texmf-dist/tex/latex/psnfss/times.sty
Package: times 2005/04/12 PSNFSS-v9.2a (SPQR) 
) (/usr/share/texlive/texmf-dist/tex/latex/psnfss/mathptmx.sty
Package: mathptmx 2005/04/12 PSNFSS-v9.2a Times w/ Math, improved (SPQR, WaS) 
LaTeX Font Info:    Redeclaring symbol font `operators' on input line 28.
LaTeX Font Info:    Overwriting symbol font `operators' in version `normal'
(Font)                  OT1/cmr/m/n --> OT1/ztmcm/m/n on input line 28.
LaTeX Font Info:    Overwriting symbol font `operators' in version `bold'
(Font)                  OT1/cmr/bx/n --> OT1/ztmcm/m/n on input line 28.
LaTeX Font Info:    Redeclaring symbol font `letters' on input line 29.
LaTeX Font Info:    Overwriting symbol font `letters' in version `normal'
(Font)                  OML/cmm/m/it --> OML/ztmcm/m/it on input line 29.
LaTeX Font Info:    Overwriting symbol font `letters' in version `bold'
(Font)                  OML/cmm/b/it --> OML/ztmcm/m/it on input line 29.
LaTeX Font Info:    Redeclaring symbol font `symbols' on input line 30.
LaTeX Font Info:    Overwriting symbol font `symbols' in version `normal'
(Font)                  OMS/cmsy/m/n --> OMS/ztmcm/m/n on input line 30.
LaTeX Font Info:    Overwriting symbol font `symbols' in version `bold'
(Font)                  OMS/cmsy/b/n --> OMS/ztmcm/m/n on input line 30.
LaTeX Font Info:    Redeclaring symbol font `largesymbols' on input line 31.
LaTeX Font Info:    Overwriting symbol font `largesymbols' in version `normal'
(Font)                  OMX/cmex/m/n --> OMX/ztmcm/m/n on input line 31.
LaTeX Font Info:    Overwriting symbol font `largesymbols' in version `bold'
(Font)                  OMX/cmex/m/n --> OMX/ztmcm/m/n on input line 31.
\symbold=\mathgroup4
\symitalic=\mathgroup5
LaTeX Font Info:    Redeclaring math alphabet \mathbf on input line 34.
LaTeX Font Info:    Overwriting math alphabet `\mathbf' in version `normal'
(Font)                  OT1/cmr/bx/n --> OT1/ptm/bx/n on input line 34.
LaTeX Font Info:    Overwriting math alphabet `\mathbf' in version `bold'
(Font)                  OT1/cmr/bx/n --> OT1/ptm/bx/n on input line 34.
LaTeX Font Info:    Redeclaring math alphabet \mathit on input line 35.
LaTeX Font Info:    Overwriting math alphabet `\mathit' in version `normal'
(Font)                  OT1/cmr/m/it --> OT1/ptm/m/it on input line 35.
LaTeX Font Info:    Overwriting math alphabet `\mathit' in version `bold'
(Font)                  OT1/cmr/bx/it --> OT1/ptm/m/it on input line 35.
LaTeX Info: Redefining \hbar on input line 50.
) (/usr/share/texlive/texmf-dist/tex/generic/iftex/ifpdf.sty
Package: ifpdf 2019/10/25 v3.4 ifpdf legacy package. Use iftex instead.
 (/usr/share/texlive/texmf-dist/tex/generic/iftex/iftex.sty
Package: iftex 2019/11/07 v1.0c TeX engine tests
)) (/usr/share/texlive/texmf-dist/tex/latex/amsmath/amsmath.sty
Package: amsmath 2019/04/01 v2.17c AMS math features
\@mathmargin=\skip46

For additional information on amsmath, use the `?' option.
(/usr/share/texlive/texmf-dist/tex/latex/amsmath/amstext.sty
Package: amstext 2000/06/29 v2.01 AMS text
 (/usr/share/texlive/texmf-dist/tex/latex/amsmath/amsgen.sty
File: amsgen.sty 1999/11/30 v2.0 generic functions
\@emptytoks=\toks16
\ex@=\dimen107
)) (/usr/share/texlive/texmf-dist/tex/latex/amsmath/amsbsy.sty
Package: amsbsy 1999/11/29 v1.2d Bold Symbols
\pmbraise@=\dimen108
) (/usr/share/texlive/texmf-dist/tex/latex/amsmath/amsopn.sty
Package: amsopn 2016/03/08 v2.02 operator names
)
\inf@bad=\count93
LaTeX Info: Redefining \frac on input line 227.
\uproot@=\count94
\leftroot@=\count95
LaTeX Info: Redefining \overline on input line 389.
\classnum@=\count96
\DOTSCASE@=\count97
LaTeX Info: Redefining \ldots on input line 486.
LaTeX Info: Redefining \dots on input line 489.
LaTeX Info: Redefining \cdots on input line 610.
\Mathstrutbox@=\box27
\strutbox@=\box28
\big@size=\dimen109
LaTeX Font Info:    Redeclaring font encoding OML on input line 733.
LaTeX Font Info:    Redeclaring font encoding OMS on input line 734.
\macc@depth=\count98
\c@MaxMatrixCols=\count99
\dotsspace@=\muskip10
\c@parentequation=\count100
\dspbrk@lvl=\count101
\tag@help=\toks17
\row@=\count102
\column@=\count103
\maxfields@=\count104
\andhelp@=\toks18
\eqnshift@=\dimen110
\alignsep@=\dimen111
\tagshift@=\dimen112
\tagwidth@=\dimen113
\totwidth@=\dimen114
\lineht@=\dimen115
\@envbody=\toks19
\multlinegap=\skip47
\multlinetaggap=\skip48
\mathdisplay@stack=\toks20
LaTeX Info: Redefining \[ on input line 2855.
LaTeX Info: Redefining \] on input line 2856.
) (/usr/share/texlive/texmf-dist/tex/latex/amsfonts/amsfonts.sty
Package: amsfonts 2013/01/14 v3.01 Basic AMSFonts support
\symAMSa=\mathgroup6
\symAMSb=\mathgroup7
LaTeX Font Info:    Overwriting math alphabet `\mathfrak' in version `bold'
(Font)                  U/euf/m/n --> U/euf/b/n on input line 106.
) (/usr/share/texlive/texmf-dist/tex/latex/amsfonts/amssymb.sty
Package: amssymb 2013/01/14 v3.01 AMS font symbols
) (/usr/share/texlive/texmf-dist/tex/latex/graphics/graphicx.sty
Package: graphicx 2017/06/01 v1.1a Enhanced LaTeX Graphics (DPC,SPQR)
 (/usr/share/texlive/texmf-dist/tex/latex/graphics/keyval.sty
Package: keyval 2014/10/28 v1.15 key=value parser (DPC)
\KV@toks@=\toks21
) (/usr/share/texlive/texmf-dist/tex/latex/graphics/graphics.sty
Package: graphics 2019/11/01 v1.3d Standard LaTeX Graphics (DPC,SPQR)
 (/usr/share/texlive/texmf-dist/tex/latex/graphics/trig.sty
Package: trig 2016/01/03 v1.10 sin cos tan (DPC)
) (/usr/share/texlive/texmf-dist/tex/latex/graphics-cfg/graphics.cfg
File: graphics.cfg 2016/06/04 v1.11 sample graphics configuration
)
Package graphics Info: Driver file: pdftex.def on input line 105.
 (/usr/share/texlive/texmf-dist/tex/latex/graphics-def/pdftex.def
File: pdftex.def 2018/01/08 v1.0l Graphics/color driver for pdftex
))
\Gin@req@height=\dimen116
\Gin@req@width=\dimen117
) (/usr/share/texlive/texmf-dist/tex/latex/xcolor/xcolor.sty
Package: xcolor 2016/05/11 v2.12 LaTeX color extensions (UK)
 (/usr/share/texlive/texmf-dist/tex/latex/graphics-cfg/color.cfg
File: color.cfg 2016/01/02 v1.6 sample color configuration
)
Package xcolor Info: Driver file: pdftex.def on input line 225.
Package xcolor Info: Model `cmy' substituted by `cmy0' on input line 1348.
Package xcolor Info: Model `hsb' substituted by `rgb' on input line 1352.
Package xcolor Info: Model `RGB' extended on input line 1364.
Package xcolor Info: Model `HTML' substituted by `rgb' on input line 1366.
Package xcolor Info: Model `Hsb' substituted by `hsb' on input line 1367.
Package xcolor Info: Model `tHsb' substituted by `hsb' on input line 1368.
Package xcolor Info: Model `HSB' substituted by `hsb' on input line 1369.
Package xcolor Info: Model `Gray' substituted by `gray' on input line 1370.
Package xcolor Info: Model `wave' substituted by `hsb' on input line 1371.
) (/usr/share/texlive/texmf-dist/tex/latex/booktabs/booktabs.sty
Package: booktabs 2019/10/08 v1.6180339 publication quality tables
\heavyrulewidth=\dimen118
\lightrulewidth=\dimen119
\cmidrulewidth=\dimen120
\belowrulesep=\dimen121
\belowbottomsep=\dimen122
\aboverulesep=\dimen123
\abovetopsep=\dimen124
\cmidrulesep=\dimen125
\cmidrulekern=\dimen126
\defaultaddspace=\dimen127
\@cmidla=\count105
\@cmidlb=\count106
\@aboverulesep=\dimen128
\@belowrulesep=\dimen129
\@thisruleclass=\count107
\@lastruleclass=\count108
\@thisrulewidth=\dimen130
) (/usr/share/texlive/texmf-dist/tex/latex/preprint/authblk.sty
Package: authblk 2001/02/27 1.3 (PWD)
\affilsep=\skip49
\@affilsep=\skip50
\c@Maxaffil=\count109
\c@authors=\count110
\c@affil=\count111
) (/usr/share/texlive/texmf-dist/tex/latex/geometry/geometry.sty
Package: geometry 2018/04/16 v5.8 Page Geometry
 (/usr/share/texlive/texmf-dist/tex/generic/iftex/ifvtex.sty
Package: ifvtex 2019/10/25 v1.7 ifvtex legacy package. Use iftex instead.
) (/usr/share/texlive/texmf-dist/tex/generic/iftex/ifxetex.sty
Package: ifxetex 2019/10/25 v0.7 ifxetex legacy package. Use iftex instead.
)
\Gm@cnth=\count112
\Gm@cntv=\count113
\c@Gm@tempcnt=\count114
\Gm@bindingoffset=\dimen131
\Gm@wd@mp=\dimen132
\Gm@odd@mp=\dimen133
\Gm@even@mp=\dimen134
\Gm@layoutwidth=\dimen135
\Gm@layoutheight=\dimen136
\Gm@layouthoffset=\dimen137
\Gm@layoutvoffset=\dimen138
\Gm@dimlist=\toks22
) (/usr/share/texlive/texmf-dist/tex/latex/caption/caption.sty
Package: caption 2019/09/01 v3.3d Customizing captions (AR)
 (/usr/share/texlive/texmf-dist/tex/latex/caption/caption3.sty
Package: caption3 2019/09/01 v1.8d caption3 kernel (AR)
Package caption3 Info: TeX engine: e-TeX on input line 64.
\captionmargin=\dimen139
\captionmargin@=\dimen140
\captionwidth=\dimen141
\caption@tempdima=\dimen142
\caption@indent=\dimen143
\caption@parindent=\dimen144
\caption@hangindent=\dimen145
)
\c@caption@flags=\count115
\c@ContinuedFloat=\count116
) (/usr/share/texlive/texmf-dist/tex/latex/hyperref/hyperref.sty
Package: hyperref 2019/11/10 v7.00c Hypertext links for LaTeX
 (/usr/share/texlive/texmf-dist/tex/generic/oberdiek/ltxcmds.sty
Package: ltxcmds 2016/05/16 v1.23 LaTeX kernel commands for general use (HO)
) (/usr/share/texlive/texmf-dist/tex/generic/oberdiek/pdftexcmds.sty
Package: pdftexcmds 2019/07/25 v0.30 Utility functions of pdfTeX for LuaTeX (HO)
 (/usr/share/texlive/texmf-dist/tex/generic/oberdiek/infwarerr.sty
Package: infwarerr 2016/05/16 v1.4 Providing info/warning/error messages (HO)
) (/usr/share/texlive/texmf-dist/tex/generic/iftex/ifluatex.sty
Package: ifluatex 2019/10/25 v1.5 ifluatex legacy package. Use iftex instead.
)
Package pdftexcmds Info: LuaTeX not detected.
Package pdftexcmds Info: \pdf@primitive is available.
Package pdftexcmds Info: \pdf@ifprimitive is available.
Package pdftexcmds Info: \pdfdraftmode found.
) (/usr/share/texlive/texmf-dist/tex/generic/oberdiek/kvsetkeys.sty
Package: kvsetkeys 2016/05/16 v1.17 Key value parser (HO)
 (/usr/share/texlive/texmf-dist/tex/generic/oberdiek/etexcmds.sty
Package: etexcmds 2016/05/16 v1.6 Avoid name clashes with e-TeX commands (HO)
)) (/usr/share/texlive/texmf-dist/tex/generic/oberdiek/kvdefinekeys.sty
Package: kvdefinekeys 2016/05/16 v1.4 Define keys (HO)
) (/usr/share/texlive/texmf-dist/tex/generic/oberdiek/pdfescape.sty
Package: pdfescape 2016/05/16 v1.14 Implements pdfTeX's escape features (HO)
) (/usr/share/texlive/texmf-dist/tex/latex/oberdiek/hycolor.sty
Package: hycolor 2016/05/16 v1.8 Color options for hyperref/bookmark (HO)
 (/usr/share/texlive/texmf-dist/tex/latex/oberdiek/xcolor-patch.sty
Package: xcolor-patch 2016/05/16 xcolor patch
 (/usr/share/texlive/texmf-dist/tex/latex/oberdiek/hopatch.sty
Package: hopatch 2016/05/16 v1.3 Wrapper for package hooks (HO)
))) (/usr/share/texlive/texmf-dist/tex/latex/oberdiek/letltxmacro.sty
Package: letltxmacro 2016/05/16 v1.5 Let assignment for LaTeX macros (HO)
) (/usr/share/texlive/texmf-dist/tex/latex/oberdiek/auxhook.sty
Package: auxhook 2016/05/16 v1.4 Hooks for auxiliary files (HO)
) (/usr/share/texlive/texmf-dist/tex/latex/oberdiek/kvoptions.sty
Package: kvoptions 2016/05/16 v3.12 Key value format for package options (HO)
)
\@linkdim=\dimen146
\Hy@linkcounter=\count117
\Hy@pagecounter=\count118
 (/usr/share/texlive/texmf-dist/tex/latex/hyperref/pd1enc.def
File: pd1enc.def 2019/11/10 v7.00c Hyperref: PDFDocEncoding definition (HO)
Now handling font encoding PD1 ...
... no UTF-8 mapping file for font encoding PD1
) (/usr/share/texlive/texmf-dist/tex/generic/oberdiek/intcalc.sty
Package: intcalc 2016/05/16 v1.2 Expandable calculations with integers (HO)
)
\Hy@SavedSpaceFactor=\count119
 (/usr/share/texlive/texmf-dist/tex/latex/latexconfig/hyperref.cfg
File: hyperref.cfg 2002/06/06 v1.2 hyperref configuration of TeXLive
)
Package hyperref Info: Option `colorlinks' set `true' on input line 4409.
Package hyperref Info: Hyper figures OFF on input line 4535.
Package hyperref Info: Link nesting OFF on input line 4540.
Package hyperref Info: Hyper index ON on input line 4543.
Package hyperref Info: Plain pages OFF on input line 4550.
Package hyperref Info: Backreferencing OFF on input line 4555.
Package hyperref Info: Implicit mode ON; LaTeX internals redefined.
Package hyperref Info: Bookmarks ON on input line 4788.
\c@Hy@tempcnt=\count120
 (/usr/share/texlive/texmf-dist/tex/latex/url/url.sty
\Urlmuskip=\muskip11
Package: url 2013/09/16  ver 3.4  Verb mode for urls, etc.
)
LaTeX Info: Redefining \url on input line 5147.
\XeTeXLinkMargin=\dimen147
 (/usr/share/texlive/texmf-dist/tex/generic/oberdiek/bitset.sty
Package: bitset 2016/05/16 v1.2 Handle bit-vector datatype (HO)
 (/usr/share/texlive/texmf-dist/tex/generic/oberdiek/bigintcalc.sty
Package: bigintcalc 2016/05/16 v1.4 Expandable calculations on big integers (HO)
))
\Fld@menulength=\count121
\Field@Width=\dimen148
\Fld@charsize=\dimen149
Package hyperref Info: Hyper figures OFF on input line 6418.
Package hyperref Info: Link nesting OFF on input line 6423.
Package hyperref Info: Hyper index ON on input line 6426.
Package hyperref Info: backreferencing OFF on input line 6433.
Package hyperref Info: Link coloring ON on input line 6436.
Package hyperref Info: Link coloring with OCG OFF on input line 6443.
Package hyperref Info: PDF/A mode OFF on input line 6448.
LaTeX Info: Redefining \ref on input line 6488.
LaTeX Info: Redefining \pageref on input line 6492.
 (/usr/share/texlive/texmf-dist/tex/generic/oberdiek/atbegshi.sty
Package: atbegshi 2016/06/09 v1.18 At begin shipout hook (HO)
)
\Hy@abspage=\count122
\c@Item=\count123
\c@Hfootnote=\count124
)
Package hyperref Info: Driver (autodetected): hpdftex.
 (/usr/share/texlive/texmf-dist/tex/latex/hyperref/hpdftex.def
File: hpdftex.def 2019/11/10 v7.00c Hyperref driver for pdfTeX
 (/usr/share/texlive/texmf-dist/tex/latex/oberdiek/atveryend.sty
Package: atveryend 2016/05/16 v1.9 Hooks at the very end of document (HO)
Package atveryend Info: \enddocument detected (standard20110627).
)
\Fld@listcount=\count125
\c@bookmark@seq@number=\count126
 (/usr/share/texlive/texmf-dist/tex/latex/oberdiek/rerunfilecheck.sty
Package: rerunfilecheck 2016/05/16 v1.8 Rerun checks for auxiliary files (HO)
 (/usr/share/texlive/texmf-dist/tex/generic/oberdiek/uniquecounter.sty
Package: uniquecounter 2016/05/16 v1.3 Provide unlimited unique counter (HO)
)
Package uniquecounter Info: New unique counter `rerunfilecheck' on input line 282.
)
\Hy@SectionHShift=\skip51
) (/usr/share/texlive/texmf-dist/tex/latex/cite/cite.sty
LaTeX Info: Redefining \cite on input line 302.
LaTeX Info: Redefining \nocite on input line 332.
Package: cite 2015/02/27  v 5.5
LaTeX Info: Redefining \cite on input line 441.
) (/usr/share/texlive/texmf-dist/tex/latex/fancyhdr/fancyhdr.sty
Package: fancyhdr 2019/01/31 v3.10 Extensive control of page headers and footers
\f@nch@headwidth=\skip52
\f@nch@O@elh=\skip53
\f@nch@O@erh=\skip54
\f@nch@O@olh=\skip55
\f@nch@O@orh=\skip56
\f@nch@O@elf=\skip57
\f@nch@O@erf=\skip58
\f@nch@O@olf=\skip59
\f@nch@O@orf=\skip60
) (/usr/share/texlive/texmf-dist/tex/latex/lastpage/lastpage.sty
Package: lastpage 2015/03/29 v1.2m Refers to last page's name (HMM; JPG)
) (/usr/share/texlive/texmf-dist/tex/latex/titlesec/titlesec.sty
Package: titlesec 2019/10/16 v2.13 Sectioning titles
\ttl@box=\box29
\beforetitleunit=\skip61
\aftertitleunit=\skip62
\ttl@plus=\dimen150
\ttl@minus=\dimen151
\ttl@toksa=\toks23
\titlewidth=\dimen152
\titlewidthlast=\dimen153
\titlewidthfirst=\dimen154
) (/usr/share/texlive/texmf-dist/tex/latex/titlesec/titletoc.sty
Package: titletoc 2019/10/16 v2.13 TOC entries
\ttl@leftsep=\dimen155
) (/usr/share/texlive/texmf-dist/tex/latex/enumitem/enumitem.sty
Package: enumitem 2019/06/20 v3.9 Customized lists
\labelindent=\skip63
\enit@outerparindent=\dimen156
\enit@toks=\toks24
\enit@inbox=\box30
\enit@count@id=\count127
\enitdp@description=\count128
)
\tocsep=\skip64
 (/usr/share/texlive/texmf-dist/tex/latex/lipsum/lipsum.sty (/usr/share/texlive/texmf-dist/tex/latex/l3kernel/expl3.sty
Package: expl3 2019-11-07 L3 programming layer (loader) 
 (/usr/share/texlive/texmf-dist/tex/latex/l3kernel/expl3-code.tex
Package: expl3 2019-11-07 L3 programming layer (code)
\c_max_int=\count129
\l_tmpa_int=\count130
\l_tmpb_int=\count131
\g_tmpa_int=\count132
\g_tmpb_int=\count133
\l__seq_internal_a_int=\count134
\l__seq_internal_b_int=\count135
\g__kernel_prg_map_int=\count136
\c__ior_term_noprompt_ior=\count137
\c_log_iow=\count138
\l_iow_line_count_int=\count139
\l__iow_line_target_int=\count140
\l__iow_one_indent_int=\count141
\l__iow_indent_int=\count142
\c_zero_dim=\dimen157
\c_max_dim=\dimen158
\l_tmpa_dim=\dimen159
\l_tmpb_dim=\dimen160
\g_tmpa_dim=\dimen161
\g_tmpb_dim=\dimen162
\c_zero_skip=\skip65
\c_max_skip=\skip66
\l_tmpa_skip=\skip67
\l_tmpb_skip=\skip68
\g_tmpa_skip=\skip69
\g_tmpb_skip=\skip70
\c_zero_muskip=\muskip12
\c_max_muskip=\muskip13
\l_tmpa_muskip=\muskip14
\l_tmpb_muskip=\muskip15
\g_tmpa_muskip=\muskip16
\g_tmpb_muskip=\muskip17
\l_keys_choice_int=\count143
\l__intarray_loop_int=\count144
\c__intarray_sp_dim=\dimen163
\g__intarray_font_int=\count145
\c__fp_leading_shift_int=\count146
\c__fp_middle_shift_int=\count147
\c__fp_trailing_shift_int=\count148
\c__fp_big_leading_shift_int=\count149
\c__fp_big_middle_shift_int=\count150
\c__fp_big_trailing_shift_int=\count151
\c__fp_Bigg_leading_shift_int=\count152
\c__fp_Bigg_middle_shift_int=\count153
\c__fp_Bigg_trailing_shift_int=\count154
\c__kernel_randint_max_int=\count155
\g__fp_array_int=\count156
\l__fp_array_loop_int=\count157
\l__sort_length_int=\count158
\l__sort_min_int=\count159
\l__sort_top_int=\count160
\l__sort_max_int=\count161
\l__sort_true_max_int=\count162
\l__sort_block_int=\count163
\l__sort_begin_int=\count164
\l__sort_end_int=\count165
\l__sort_A_int=\count166
\l__sort_B_int=\count167
\l__sort_C_int=\count168
\l__str_internal_int=\count169
\c__str_replacement_char_int=\count170
\l__tl_analysis_normal_int=\count171
\l__tl_analysis_index_int=\count172
\l__tl_analysis_nesting_int=\count173
\l__tl_analysis_type_int=\count174
\l__regex_internal_a_int=\count175
\l__regex_internal_b_int=\count176
\l__regex_internal_c_int=\count177
\l__regex_balance_int=\count178
\l__regex_group_level_int=\count179
\l__regex_mode_int=\count180
\c__regex_cs_in_class_mode_int=\count181
\c__regex_cs_mode_int=\count182
\l__regex_catcodes_int=\count183
\l__regex_default_catcodes_int=\count184
\c__regex_catcode_D_int=\count185
\c__regex_catcode_S_int=\count186
\c__regex_catcode_L_int=\count187
\c__regex_catcode_O_int=\count188
\c__regex_catcode_A_int=\count189
\c__regex_all_catcodes_int=\count190
\l__regex_show_lines_int=\count191
\l__regex_min_state_int=\count192
\l__regex_max_state_int=\count193
\l__regex_left_state_int=\count194
\l__regex_right_state_int=\count195
\l__regex_capturing_group_int=\count196
\l__regex_min_pos_int=\count197
\l__regex_max_pos_int=\count198
\l__regex_curr_pos_int=\count199
\l__regex_start_pos_int=\count266
\l__regex_success_pos_int=\count267
\l__regex_curr_char_int=\count268
\l__regex_curr_catcode_int=\count269
\l__regex_last_char_int=\count270
\l__regex_case_changed_char_int=\count271
\l__regex_curr_state_int=\count272
\l__regex_step_int=\count273
\l__regex_min_active_int=\count274
\l__regex_max_active_int=\count275
\l__regex_replacement_csnames_int=\count276
\l__regex_match_count_int=\count277
\l__regex_min_submatch_int=\count278
\l__regex_submatch_int=\count279
\l__regex_zeroth_submatch_int=\count280
\g__regex_trace_regex_int=\count281
\c_empty_box=\box31
\l_tmpa_box=\box32
\l_tmpb_box=\box33
\g_tmpa_box=\box34
\g_tmpb_box=\box35
\l__box_top_dim=\dimen164
\l__box_bottom_dim=\dimen165
\l__box_left_dim=\dimen166
\l__box_right_dim=\dimen167
\l__box_top_new_dim=\dimen168
\l__box_bottom_new_dim=\dimen169
\l__box_left_new_dim=\dimen170
\l__box_right_new_dim=\dimen171
\l__box_internal_box=\box36
\l__coffin_internal_box=\box37
\l__coffin_internal_dim=\dimen172
\l__coffin_offset_x_dim=\dimen173
\l__coffin_offset_y_dim=\dimen174
\l__coffin_x_dim=\dimen175
\l__coffin_y_dim=\dimen176
\l__coffin_x_prime_dim=\dimen177
\l__coffin_y_prime_dim=\dimen178
\c_empty_coffin=\box38
\l__coffin_aligned_coffin=\box39
\l__coffin_aligned_internal_coffin=\box40
\l_tmpa_coffin=\box41
\l_tmpb_coffin=\box42
\g_tmpa_coffin=\box43
\g_tmpb_coffin=\box44
\l__coffin_bounding_shift_dim=\dimen179
\l__coffin_left_corner_dim=\dimen180
\l__coffin_right_corner_dim=\dimen181
\l__coffin_bottom_corner_dim=\dimen182
\l__coffin_top_corner_dim=\dimen183
\l__coffin_scaled_total_height_dim=\dimen184
\l__coffin_scaled_width_dim=\dimen185
\c__coffin_empty_coffin=\box45
\l__coffin_display_coffin=\box46
\l__coffin_display_coord_coffin=\box47
\l__coffin_display_pole_coffin=\box48
\l__coffin_display_offset_dim=\dimen186
\l__coffin_display_x_dim=\dimen187
\l__coffin_display_y_dim=\dimen188
\g__char_data_ior=\read1
 (/usr/share/texlive/texmf-dist/tex/latex/l3kernel/l3deprecation.def
File: l3deprecation.def 2019-04-06 v L3 Deprecated functions
)) (/usr/share/texlive/texmf-dist/tex/latex/l3backend/l3backend-pdfmode.def
File: l3backend-pdfmode.def 2019-04-06 L3 backend support: PDF mode
\l__kernel_color_stack_int=\count282
\l__pdf_internal_box=\box49
)) (/usr/share/texlive/texmf-dist/tex/latex/l3packages/xparse/xparse.sty
Package: xparse 2019-10-11 L3 Experimental document command parser
\l__xparse_current_arg_int=\count283
\g__xparse_grabber_int=\count284
\l__xparse_m_args_int=\count285
\l__xparse_v_nesting_int=\count286
)
Package: lipsum 2019/01/02 v2.2 150 paragraphs of Lorem Ipsum dummy text
 (/usr/share/texlive/texmf-dist/tex/latex/lipsum/lipsum.ltd.tex
File: lipsum.ltd.tex 2019/01/02 v2.2 The Lorem ipsum dummy text
))) (/home/sb/dev/Projects-bi/cricket/g13odi/jabbrv.sty
Package: jabbrv 2010/08/18 v0.2 Automatic Journal Title Abbreviation Package
\temp@journal@text=\toks25
\temp@journal@text@=\toks26
\c@jabbrv@strlen@count=\count287
\c@jabbrv@gobble@temp=\count288
\c@jabbrv@loop@i=\count289
\c@jabbrv@loop@max=\count290
\c@jabbrv@word@count=\count291
 (/home/sb/dev/Projects-bi/cricket/g13odi/jabbrv-ltwa-all.ldf) (/home/sb/dev/Projects-bi/cricket/g13odi/jabbrv-ltwa-en.ldf)) (/usr/share/texlive/texmf-dist/tex/latex/microtype/microtype.sty
Package: microtype 2019/10/10 v2.7c Micro-typographical refinements (RS)
\MT@toks=\toks27
\MT@count=\count292
LaTeX Info: Redefining \textls on input line 790.
\MT@outer@kern=\dimen189
LaTeX Info: Redefining \textmicrotypecontext on input line 1347.
\MT@listname@count=\count293
 (/usr/share/texlive/texmf-dist/tex/latex/microtype/microtype-pdftex.def
File: microtype-pdftex.def 2019/10/10 v2.7c Definitions specific to pdftex (RS)
LaTeX Info: Redefining \lsstyle on input line 914.
LaTeX Info: Redefining \lslig on input line 914.
\MT@outer@space=\skip71
)
Package microtype Info: Loading configuration file microtype.cfg.
 (/usr/share/texlive/texmf-dist/tex/latex/microtype/microtype.cfg
File: microtype.cfg 2019/10/10 v2.7c microtype main configuration file (RS)
)) (/usr/share/texlive/texmf-dist/tex/latex/float/float.sty
Package: float 2001/11/08 v1.3d Float enhancements (AL)
\c@float@type=\count294
\float@exts=\toks28
\float@box=\box50
\@float@everytoks=\toks29
\@floatcapt=\box51
) (/usr/share/texlive/texmf-dist/tex/latex/base/fontenc.sty
Package: fontenc 2018/08/11 v2.0j Standard LaTeX package
 (/usr/share/texlive/texmf-dist/tex/latex/base/t1enc.def
File: t1enc.def 2018/08/11 v2.0j Standard LaTeX file
LaTeX Font Info:    Redeclaring font encoding T1 on input line 48.
)) (/usr/share/texlive/texmf-dist/tex/latex/pdfpages/pdfpages.sty
Package: pdfpages 2019/09/21 v0.5n Insert pages of external PDF documents (AM)
 (/usr/share/texlive/texmf-dist/tex/latex/eso-pic/eso-pic.sty
Package: eso-pic 2018/04/12 v2.0h eso-pic (RN)
)
\AM@pagewidth=\dimen190
\AM@pageheight=\dimen191
 (/usr/share/texlive/texmf-dist/tex/latex/pdfpages/pppdftex.def
File: pppdftex.def 2019/09/21 v0.5n Pdfpages driver for pdfTeX (AM)
)
\AM@pagebox=\box52
\AM@global@opts=\toks30
\AM@toc@title=\toks31
\c@AM@survey=\count295
\AM@templatesizebox=\box53
) (/home/sb/dev/Projects-bi/cricket/g13odi/main.aux)
\openout1 = `main.aux'.

LaTeX Font Info:    Checking defaults for OML/cmm/m/it on input line 22.
LaTeX Font Info:    ... okay on input line 22.
LaTeX Font Info:    Checking defaults for T1/cmr/m/n on input line 22.
LaTeX Font Info:    ... okay on input line 22.
LaTeX Font Info:    Checking defaults for OT1/cmr/m/n on input line 22.
LaTeX Font Info:    ... okay on input line 22.
LaTeX Font Info:    Checking defaults for OMS/cmsy/m/n on input line 22.
LaTeX Font Info:    ... okay on input line 22.
LaTeX Font Info:    Checking defaults for OMX/cmex/m/n on input line 22.
LaTeX Font Info:    ... okay on input line 22.
LaTeX Font Info:    Checking defaults for U/cmr/m/n on input line 22.
LaTeX Font Info:    ... okay on input line 22.
LaTeX Font Info:    Checking defaults for PD1/pdf/m/n on input line 22.
LaTeX Font Info:    ... okay on input line 22.
LaTeX Font Info:    Trying to load font information for T1+ptm on input line 22.
 (/usr/share/texlive/texmf-dist/tex/latex/psnfss/t1ptm.fd
File: t1ptm.fd 2001/06/04 font definitions for T1/ptm.
) (/usr/share/texlive/texmf-dist/tex/context/base/mkii/supp-pdf.mkii
[Loading MPS to PDF converter (version 2006.09.02).]
\scratchcounter=\count296
\scratchdimen=\dimen192
\scratchbox=\box54
\nofMPsegments=\count297
\nofMParguments=\count298
\everyMPshowfont=\toks32
\MPscratchCnt=\count299
\MPscratchDim=\dimen193
\MPnumerator=\count300
\makeMPintoPDFobject=\count301
\everyMPtoPDFconversion=\toks33
) (/usr/share/texlive/texmf-dist/tex/latex/oberdiek/epstopdf-base.sty
Package: epstopdf-base 2016/05/15 v2.6 Base part for package epstopdf
 (/usr/share/texlive/texmf-dist/tex/latex/oberdiek/grfext.sty
Package: grfext 2016/05/16 v1.2 Manage graphics extensions (HO)
)
Package epstopdf-base Info: Redefining graphics rule for `.eps' on input line 438.
Package grfext Info: Graphics extension search list:
(grfext)             [.pdf,.png,.jpg,.mps,.jpeg,.jbig2,.jb2,.PDF,.PNG,.JPG,.JPEG,.JBIG2,.JB2,.eps]
(grfext)             \AppendGraphicsExtensions on input line 456.
 (/usr/share/texlive/texmf-dist/tex/latex/latexconfig/epstopdf-sys.cfg
File: epstopdf-sys.cfg 2010/07/13 v1.3 Configuration of (r)epstopdf for TeX Live
))
*geometry* driver: auto-detecting
*geometry* detected driver: pdftex
*geometry* verbose mode - [ preamble ] result:
* driver: pdftex
* paper: letterpaper
* layout: <same size as paper>
* layoutoffset:(h,v)=(0.0pt,0.0pt)
* modes: 
* h-part:(L,W,R)=(56.9055pt, 500.484pt, 56.9055pt)
* v-part:(T,H,B)=(64.01869pt, 666.9326pt, 64.01869pt)
* \paperwidth=614.295pt
* \paperheight=794.96999pt
* \textwidth=500.484pt
* \textheight=666.9326pt
* \oddsidemargin=-15.36449pt
* \evensidemargin=-15.36449pt
* \topmargin=-45.2513pt
* \headheight=12.0pt
* \headsep=25.0pt
* \topskip=10.0pt
* \footskip=30.0pt
* \marginparwidth=65.0pt
* \marginparsep=11.0pt
* \columnsep=15.6491pt
* \skip\footins=9.0pt plus 4.0pt minus 2.0pt
* \hoffset=0.0pt
* \voffset=0.0pt
* \mag=1000
* \@twocolumnfalse
* \@twosidefalse
* \@mparswitchfalse
* \@reversemarginfalse
* (1in=72.27pt=25.4mm, 1cm=28.453pt)

Package caption Info: Begin \AtBeginDocument code.
Package caption Info: float package is loaded.
Package caption Info: hyperref package is loaded.
Package caption Info: End \AtBeginDocument code.
\AtBeginShipoutBox=\box55
Package hyperref Info: Link coloring ON on input line 22.
(/usr/share/texlive/texmf-dist/tex/latex/hyperref/nameref.sty
Package: nameref 2019/09/16 v2.46 Cross-referencing by name of section
 (/usr/share/texlive/texmf-dist/tex/latex/oberdiek/refcount.sty
Package: refcount 2016/05/16 v3.5 Data extraction from label references (HO)
) (/usr/share/texlive/texmf-dist/tex/generic/oberdiek/gettitlestring.sty
Package: gettitlestring 2016/05/16 v1.5 Cleanup title references (HO)
)
\c@section@level=\count302
)
LaTeX Info: Redefining \ref on input line 22.
LaTeX Info: Redefining \pageref on input line 22.
LaTeX Info: Redefining \nameref on input line 22.
 (/home/sb/dev/Projects-bi/cricket/g13odi/main.out) (/home/sb/dev/Projects-bi/cricket/g13odi/main.out)
\@outlinefile=\write3
\openout3 = `main.out'.

Package lastpage Info: Please have a look at the pageslts package at
(lastpage)             https://www.ctan.org/pkg/pageslts
(lastpage)             ! on input line 22.
LaTeX Info: Redefining \microtypecontext on input line 22.
Package microtype Info: Generating PDF output.
Package microtype Info: Character protrusion enabled (level 2).
Package microtype Info: Using default protrusion set `alltext'.
Package microtype Info: Automatic font expansion enabled (level 2),
(microtype)             stretch: 20, shrink: 20, step: 1, non-selected.
Package microtype Info: Using default expansion set `basictext'.
LaTeX Info: Redefining \showhyphens on input line 22.
Package microtype Info: No adjustment of tracking.
Package microtype Info: No adjustment of interword spacing.
Package microtype Info: No adjustment of character kerning.
 (/usr/share/texlive/texmf-dist/tex/latex/microtype/mt-ptm.cfg
File: mt-ptm.cfg 2006/04/20 v1.7 microtype config. file: Times (RS)
) (/usr/share/texlive/texmf-dist/tex/latex/oberdiek/pdflscape.sty
Package: pdflscape 2016/05/14 v0.11 Display of landscape pages in PDF (HO)
 (/usr/share/texlive/texmf-dist/tex/latex/graphics/lscape.sty
Package: lscape 2000/10/22 v3.01 Landscape Pages (DPC)
)
Package pdflscape Info: Auto-detected driver: pdftex on input line 81.
)
LaTeX Font Info:    Trying to load font information for T1+phv on input line 25.
 (/usr/share/texlive/texmf-dist/tex/latex/psnfss/t1phv.fd
File: t1phv.fd 2001/06/04 scalable font definitions for T1/phv.
)
Package microtype Info: Loading generic protrusion settings for font family
(microtype)             `phv' (encoding: T1).
(microtype)             For optimal results, create family-specific settings.
(microtype)             See the microtype manual for details.
LaTeX Font Info:    Font shape `T1/phv/bx/n' in size <10> not available
(Font)              Font shape `T1/phv/b/n' tried instead on input line 25.
LaTeX Font Info:    Font shape `T1/phv/bx/n' in size <20> not available
(Font)              Font shape `T1/phv/b/n' tried instead on input line 25.
LaTeX Font Info:    Trying to load font information for OT1+phv on input line 25.
 (/usr/share/texlive/texmf-dist/tex/latex/psnfss/ot1phv.fd
File: ot1phv.fd 2001/06/04 scalable font definitions for OT1/phv.
)
Package microtype Info: Loading generic protrusion settings for font family
(microtype)             `phv' (encoding: OT1).
(microtype)             For optimal results, create family-specific settings.
(microtype)             See the microtype manual for details.
LaTeX Font Info:    Font shape `T1/phv/bx/n' in size <12> not available
(Font)              Font shape `T1/phv/b/n' tried instead on input line 25.
LaTeX Font Info:    Trying to load font information for OT1+ztmcm on input line 25.
 (/usr/share/texlive/texmf-dist/tex/latex/psnfss/ot1ztmcm.fd
File: ot1ztmcm.fd 2000/01/03 Fontinst v1.801 font definitions for OT1/ztmcm.
)
Package microtype Info: Loading generic protrusion settings for font family
(microtype)             `ztmcm' (encoding: OT1).
(microtype)             For optimal results, create family-specific settings.
(microtype)             See the microtype manual for details.
LaTeX Font Info:    Trying to load font information for OML+ztmcm on input line 25.
 (/usr/share/texlive/texmf-dist/tex/latex/psnfss/omlztmcm.fd
File: omlztmcm.fd 2000/01/03 Fontinst v1.801 font definitions for OML/ztmcm.
)
LaTeX Font Info:    Trying to load font information for OMS+ztmcm on input line 25.
 (/usr/share/texlive/texmf-dist/tex/latex/psnfss/omsztmcm.fd
File: omsztmcm.fd 2000/01/03 Fontinst v1.801 font definitions for OMS/ztmcm.
)
LaTeX Font Info:    Trying to load font information for OMX+ztmcm on input line 25.
 (/usr/share/texlive/texmf-dist/tex/latex/psnfss/omxztmcm.fd
File: omxztmcm.fd 2000/01/03 Fontinst v1.801 font definitions for OMX/ztmcm.
)
LaTeX Font Info:    Trying to load font information for OT1+ptm on input line 25.
 (/usr/share/texlive/texmf-dist/tex/latex/psnfss/ot1ptm.fd
File: ot1ptm.fd 2001/06/04 font definitions for OT1/ptm.
)
LaTeX Font Info:    Font shape `OT1/ptm/bx/n' in size <10> not available
(Font)              Font shape `OT1/ptm/b/n' tried instead on input line 25.
LaTeX Font Info:    Font shape `OT1/ptm/bx/n' in size <7.4> not available
(Font)              Font shape `OT1/ptm/b/n' tried instead on input line 25.
LaTeX Font Info:    Font shape `OT1/ptm/bx/n' in size <6> not available
(Font)              Font shape `OT1/ptm/b/n' tried instead on input line 25.
 (/usr/share/texlive/texmf-dist/tex/latex/microtype/mt-msa.cfg
File: mt-msa.cfg 2006/02/04 v1.1 microtype config. file: AMS symbols (a) (RS)
) (/usr/share/texlive/texmf-dist/tex/latex/microtype/mt-msb.cfg
File: mt-msb.cfg 2005/06/01 v1.0 microtype config. file: AMS symbols (b) (RS)
)
LaTeX Font Info:    Font shape `T1/phv/bx/n' in size <9> not available
(Font)              Font shape `T1/phv/b/n' tried instead on input line 25.
 [1

{/var/lib/texmf/fonts/map/pdftex/updmap/pdftex.map}]
LaTeX Font Info:    Font shape `T1/phv/bx/it' in size <9> not available
(Font)              Font shape `T1/phv/b/it' tried instead on input line 94.
LaTeX Font Info:    Font shape `T1/phv/b/it' in size <9> not available
(Font)              Font shape `T1/phv/b/sl' tried instead on input line 94.
LaTeX Font Info:    Trying to load font information for OMS+ptm on input line 98.
 (/usr/share/texlive/texmf-dist/tex/latex/psnfss/omsptm.fd
File: omsptm.fd 
)
LaTeX Font Info:    Font shape `OMS/ptm/m/n' in size <10> not available
(Font)              Font shape `OMS/cmsy/m/n' tried instead on input line 98.

Underfull \hbox (badness 10000) in paragraph at lines 104--108

 []

[2]
<bats.png, id=98, 702.625pt x 451.6875pt>
File: bats.png Graphic file (type png)
<use bats.png>
Package pdftex.def Info: bats.png  used on input line 114.
(pdftex.def)             Requested size: 350.33727pt x 225.22289pt.
LaTeX Font Info:    Font shape `T1/ptm/bx/n' in size <10> not available
(Font)              Font shape `T1/ptm/b/n' tried instead on input line 115.
<batsmen.png, id=101, 702.625pt x 451.6875pt>
File: batsmen.png Graphic file (type png)
<use batsmen.png>
Package pdftex.def Info: batsmen.png  used on input line 121.
(pdftex.def)             Requested size: 350.33727pt x 225.22289pt.
<wicvenue.png, id=103, 702.625pt x 451.6875pt>
File: wicvenue.png Graphic file (type png)
<use wicvenue.png>
Package pdftex.def Info: wicvenue.png  used on input line 128.
(pdftex.def)             Requested size: 350.33727pt x 225.22289pt.
 [3 </home/sb/dev/Projects-bi/cricket/g13odi/bats.png> </home/sb/dev/Projects-bi/cricket/g13odi/batsmen.png>]
<teamvenue.png, id=114, 702.625pt x 451.6875pt>
File: teamvenue.png Graphic file (type png)
<use teamvenue.png>
Package pdftex.def Info: teamvenue.png  used on input line 135.
(pdftex.def)             Requested size: 350.33727pt x 225.22289pt.
<winteams.png, id=116, 702.625pt x 451.6875pt>
File: winteams.png Graphic file (type png)
<use winteams.png>
Package pdftex.def Info: winteams.png  used on input line 143.
(pdftex.def)             Requested size: 350.33727pt x 225.22289pt.

Underfull \vbox (badness 8189) has occurred while \output is active []

 [4 </home/sb/dev/Projects-bi/cricket/g13odi/wicvenue.png> </home/sb/dev/Projects-bi/cricket/g13odi/teamvenue.png>]
<venueruns.png, id=128, 702.625pt x 451.6875pt>
File: venueruns.png Graphic file (type png)
<use venueruns.png>
Package pdftex.def Info: venueruns.png  used on input line 150.
(pdftex.def)             Requested size: 350.33727pt x 225.22289pt.
<wicbowlers.png, id=130, 702.625pt x 451.6875pt>
File: wicbowlers.png Graphic file (type png)
<use wicbowlers.png>
Package pdftex.def Info: wicbowlers.png  used on input line 157.
(pdftex.def)             Requested size: 350.33727pt x 225.22289pt.

Underfull \vbox (badness 10000) has occurred while \output is active []

 [5 </home/sb/dev/Projects-bi/cricket/g13odi/winteams.png> </home/sb/dev/Projects-bi/cricket/g13odi/venueruns.png>]
<teamextras.png, id=141, 702.625pt x 451.6875pt>
File: teamextras.png Graphic file (type png)
<use teamextras.png>
Package pdftex.def Info: teamextras.png  used on input line 164.
(pdftex.def)             Requested size: 350.33727pt x 225.22289pt.
<teamruns.png, id=143, 702.625pt x 451.6875pt>
File: teamruns.png Graphic file (type png)
<use teamruns.png>
Package pdftex.def Info: teamruns.png  used on input line 171.
(pdftex.def)             Requested size: 350.33727pt x 225.22289pt.

Underfull \vbox (badness 10000) has occurred while \output is active []

 [6 </home/sb/dev/Projects-bi/cricket/g13odi/wicbowlers.png> </home/sb/dev/Projects-bi/cricket/g13odi/teamextras.png>]
<teamwic.png, id=154, 702.625pt x 451.6875pt>
File: teamwic.png Graphic file (type png)
<use teamwic.png>
Package pdftex.def Info: teamwic.png  used on input line 178.
(pdftex.def)             Requested size: 350.33727pt x 225.22289pt.

Underfull \hbox (badness 10000) in paragraph at lines 186--187

 []

<lbwbowled.png, id=157, 220.825pt x 274.02374pt>
File: lbwbowled.png Graphic file (type png)
<use lbwbowled.png>
Package pdftex.def Info: lbwbowled.png  used on input line 198.
(pdftex.def)             Requested size: 125.12099pt x 155.26273pt.
[7 </home/sb/dev/Projects-bi/cricket/g13odi/teamruns.png> </home/sb/dev/Projects-bi/cricket/g13odi/teamwic.png>]
<lbwbowledhypo.png, id=171, 260.975pt x 91.34125pt>
File: lbwbowledhypo.png Graphic file (type png)
<use lbwbowledhypo.png>
Package pdftex.def Info: lbwbowledhypo.png  used on input line 206.
(pdftex.def)             Requested size: 125.12099pt x 43.79312pt.
<secondone.png, id=173, 207.77625pt x 72.27pt>
File: secondone.png Graphic file (type png)
<use secondone.png>
Package pdftex.def Info: secondone.png  used on input line 220.
(pdftex.def)             Requested size: 125.12099pt x 43.52pt.
<secondsecond.png, id=175, 229.85875pt x 68.255pt>
File: secondsecond.png Graphic file (type png)
<use secondsecond.png>
Package pdftex.def Info: secondsecond.png  used on input line 233.
(pdftex.def)             Requested size: 125.12099pt x 37.15396pt.
<secondthird.png, id=177, 219.82124pt x 68.255pt>
File: secondthird.png Graphic file (type png)
<use secondthird.png>
Package pdftex.def Info: secondthird.png  used on input line 246.
(pdftex.def)             Requested size: 125.12099pt x 38.8495pt.
 [8 </home/sb/dev/Projects-bi/cricket/g13odi/lbwbowled.png> </home/sb/dev/Projects-bi/cricket/g13odi/lbwbowledhypo.png> </home/sb/dev/Projects-bi/cricket/g13odi/secondone.png> </home/sb/dev/Projects-bi/cricket/g13odi/secondsecond.png>]
<secondfourth.png, id=194, 217.81375pt x 70.2625pt>
File: secondfourth.png Graphic file (type png)
<use secondfourth.png>
Package pdftex.def Info: secondfourth.png  used on input line 260.
(pdftex.def)             Requested size: 125.12099pt x 40.36095pt.
<second.png, id=196, 1231.60126pt x 283.0575pt>
File: second.png Graphic file (type png)
<use second.png>
Package pdftex.def Info: second.png  used on input line 271.
(pdftex.def)             Requested size: 500.484pt x 115.02205pt.
<third.png, id=198, 240.9pt x 274.02374pt>
File: third.png Graphic file (type png)
<use third.png>
Package pdftex.def Info: third.png  used on input line 286.
(pdftex.def)             Requested size: 125.12099pt x 142.32173pt.

Underfull \vbox (badness 5161) has occurred while \output is active []

 [9 </home/sb/dev/Projects-bi/cricket/g13odi/secondthird.png> </home/sb/dev/Projects-bi/cricket/g13odi/secondfourth.png> </home/sb/dev/Projects-bi/cricket/g13odi/second.png>]
<thirdone.png, id=214, 220.825pt x 68.255pt>
File: thirdone.png Graphic file (type png)
<use thirdone.png>
Package pdftex.def Info: thirdone.png  used on input line 294.
(pdftex.def)             Requested size: 125.12099pt x 38.6735pt.
<correlation.png, id=216, 702.625pt x 451.6875pt>
File: correlation.png Graphic file (type png)
<use correlation.png>
Package pdftex.def Info: correlation.png  used on input line 319.
(pdftex.def)             Requested size: 250.24199pt x 160.87053pt.
 [10 </home/sb/dev/Projects-bi/cricket/g13odi/third.png> </home/sb/dev/Projects-bi/cricket/g13odi/thirdone.png> </home/sb/dev/Projects-bi/cricket/g13odi/correlation.png>] [11] [12]
<bicricket.pdf, id=282, 614.295pt x 794.97pt>
File: bicricket.pdf Graphic file (type pdf)
<use bicricket.pdf>
Package pdftex.def Info: bicricket.pdf  used on input line 402.
(pdftex.def)             Requested size: 614.29349pt x 794.96806pt.
File: bicricket.pdf Graphic file (type pdf)
<use bicricket.pdf>
Package pdftex.def Info: bicricket.pdf  used on input line 402.
(pdftex.def)             Requested size: 614.29349pt x 794.96806pt.
<bicricket.pdf, id=285, page=1, 614.295pt x 794.97pt>
File: bicricket.pdf Graphic file (type pdf)
<use bicricket.pdf, page 1>
Package pdftex.def Info: bicricket.pdf , page1 used on input line 402.
(pdftex.def)             Requested size: 614.29349pt x 794.96806pt.
File: bicricket.pdf Graphic file (type pdf)
<use bicricket.pdf, page 1>
Package pdftex.def Info: bicricket.pdf , page1 used on input line 402.
(pdftex.def)             Requested size: 614.58406pt x 795.3441pt.
 [13]
File: bicricket.pdf Graphic file (type pdf)
<use bicricket.pdf, page 1>
Package pdftex.def Info: bicricket.pdf , page1 used on input line 402.
(pdftex.def)             Requested size: 614.58406pt x 795.3441pt.
File: bicricket.pdf Graphic file (type pdf)
<use bicricket.pdf, page 1>
Package pdftex.def Info: bicricket.pdf , page1 used on input line 402.
(pdftex.def)             Requested size: 614.58406pt x 795.3441pt.
File: bicricket.pdf Graphic file (type pdf)
<use bicricket.pdf, page 1>
Package pdftex.def Info: bicricket.pdf , page1 used on input line 402.
(pdftex.def)             Requested size: 614.58406pt x 795.3441pt.
 [14 </home/sb/dev/Projects-bi/cricket/g13odi/bicricket.pdf>]
<bicricket.pdf, id=342, page=2, 614.295pt x 794.97pt>
File: bicricket.pdf Graphic file (type pdf)
<use bicricket.pdf, page 2>
Package pdftex.def Info: bicricket.pdf , page2 used on input line 402.
(pdftex.def)             Requested size: 614.58406pt x 795.3441pt.
File: bicricket.pdf Graphic file (type pdf)
<use bicricket.pdf, page 2>
Package pdftex.def Info: bicricket.pdf , page2 used on input line 402.
(pdftex.def)             Requested size: 614.58406pt x 795.3441pt.
File: bicricket.pdf Graphic file (type pdf)
<use bicricket.pdf, page 2>
Package pdftex.def Info: bicricket.pdf , page2 used on input line 402.
(pdftex.def)             Requested size: 614.58406pt x 795.3441pt.
 [15 </home/sb/dev/Projects-bi/cricket/g13odi/bicricket.pdf>]
<bicricket.pdf, id=347, page=3, 614.295pt x 794.97pt>
File: bicricket.pdf Graphic file (type pdf)
<use bicricket.pdf, page 3>
Package pdftex.def Info: bicricket.pdf , page3 used on input line 402.
(pdftex.def)             Requested size: 614.58406pt x 795.3441pt.
File: bicricket.pdf Graphic file (type pdf)
<use bicricket.pdf, page 3>
Package pdftex.def Info: bicricket.pdf , page3 used on input line 402.
(pdftex.def)             Requested size: 614.58406pt x 795.3441pt.
File: bicricket.pdf Graphic file (type pdf)
<use bicricket.pdf, page 3>
Package pdftex.def Info: bicricket.pdf , page3 used on input line 402.
(pdftex.def)             Requested size: 614.58406pt x 795.3441pt.
 [16 </home/sb/dev/Projects-bi/cricket/g13odi/bicricket.pdf>]
<bicricket.pdf, id=352, page=4, 614.295pt x 794.97pt>
File: bicricket.pdf Graphic file (type pdf)
<use bicricket.pdf, page 4>
Package pdftex.def Info: bicricket.pdf , page4 used on input line 402.
(pdftex.def)             Requested size: 614.58406pt x 795.3441pt.
File: bicricket.pdf Graphic file (type pdf)
<use bicricket.pdf, page 4>
Package pdftex.def Info: bicricket.pdf , page4 used on input line 402.
(pdftex.def)             Requested size: 614.58406pt x 795.3441pt.
File: bicricket.pdf Graphic file (type pdf)
<use bicricket.pdf, page 4>
Package pdftex.def Info: bicricket.pdf , page4 used on input line 402.
(pdftex.def)             Requested size: 614.58406pt x 795.3441pt.
 [17 </home/sb/dev/Projects-bi/cricket/g13odi/bicricket.pdf>]
<bicricket.pdf, id=357, page=5, 614.295pt x 794.97pt>
File: bicricket.pdf Graphic file (type pdf)
<use bicricket.pdf, page 5>
Package pdftex.def Info: bicricket.pdf , page5 used on input line 402.
(pdftex.def)             Requested size: 614.58406pt x 795.3441pt.
File: bicricket.pdf Graphic file (type pdf)
<use bicricket.pdf, page 5>
Package pdftex.def Info: bicricket.pdf , page5 used on input line 402.
(pdftex.def)             Requested size: 614.58406pt x 795.3441pt.
File: bicricket.pdf Graphic file (type pdf)
<use bicricket.pdf, page 5>
Package pdftex.def Info: bicricket.pdf , page5 used on input line 402.
(pdftex.def)             Requested size: 614.58406pt x 795.3441pt.
 [18 </home/sb/dev/Projects-bi/cricket/g13odi/bicricket.pdf>]
<bicricket.pdf, id=362, page=6, 614.295pt x 794.97pt>
File: bicricket.pdf Graphic file (type pdf)
<use bicricket.pdf, page 6>
Package pdftex.def Info: bicricket.pdf , page6 used on input line 402.
(pdftex.def)             Requested size: 614.58406pt x 795.3441pt.
File: bicricket.pdf Graphic file (type pdf)
<use bicricket.pdf, page 6>
Package pdftex.def Info: bicricket.pdf , page6 used on input line 402.
(pdftex.def)             Requested size: 614.58406pt x 795.3441pt.
File: bicricket.pdf Graphic file (type pdf)
<use bicricket.pdf, page 6>
Package pdftex.def Info: bicricket.pdf , page6 used on input line 402.
(pdftex.def)             Requested size: 614.58406pt x 795.3441pt.
 [19 </home/sb/dev/Projects-bi/cricket/g13odi/bicricket.pdf>]
<bicricket.pdf, id=368, page=7, 614.295pt x 794.97pt>
File: bicricket.pdf Graphic file (type pdf)
<use bicricket.pdf, page 7>
Package pdftex.def Info: bicricket.pdf , page7 used on input line 402.
(pdftex.def)             Requested size: 614.58406pt x 795.3441pt.
File: bicricket.pdf Graphic file (type pdf)
<use bicricket.pdf, page 7>
Package pdftex.def Info: bicricket.pdf , page7 used on input line 402.
(pdftex.def)             Requested size: 614.58406pt x 795.3441pt.
File: bicricket.pdf Graphic file (type pdf)
<use bicricket.pdf, page 7>
Package pdftex.def Info: bicricket.pdf , page7 used on input line 402.
(pdftex.def)             Requested size: 614.58406pt x 795.3441pt.
 [20 </home/sb/dev/Projects-bi/cricket/g13odi/bicricket.pdf>]
<cricketdatamodification.pdf, id=373, 614.295pt x 794.97pt>
File: cricketdatamodification.pdf Graphic file (type pdf)
<use cricketdatamodification.pdf>
Package pdftex.def Info: cricketdatamodification.pdf  used on input line 403.
(pdftex.def)             Requested size: 614.29349pt x 794.96806pt.
File: cricketdatamodification.pdf Graphic file (type pdf)
<use cricketdatamodification.pdf>
Package pdftex.def Info: cricketdatamodification.pdf  used on input line 403.
(pdftex.def)             Requested size: 614.29349pt x 794.96806pt.
<cricketdatamodification.pdf, id=376, page=1, 614.295pt x 794.97pt>
File: cricketdatamodification.pdf Graphic file (type pdf)
<use cricketdatamodification.pdf, page 1>
Package pdftex.def Info: cricketdatamodification.pdf , page1 used on input line 403.
(pdftex.def)             Requested size: 614.29349pt x 794.96806pt.
File: cricketdatamodification.pdf Graphic file (type pdf)
<use cricketdatamodification.pdf, page 1>
Package pdftex.def Info: cricketdatamodification.pdf , page1 used on input line 403.
(pdftex.def)             Requested size: 614.58406pt x 795.3441pt.
File: cricketdatamodification.pdf Graphic file (type pdf)
<use cricketdatamodification.pdf, page 1>
Package pdftex.def Info: cricketdatamodification.pdf , page1 used on input line 403.
(pdftex.def)             Requested size: 614.58406pt x 795.3441pt.
File: cricketdatamodification.pdf Graphic file (type pdf)
<use cricketdatamodification.pdf, page 1>
Package pdftex.def Info: cricketdatamodification.pdf , page1 used on input line 403.
(pdftex.def)             Requested size: 614.58406pt x 795.3441pt.
File: cricketdatamodification.pdf Graphic file (type pdf)
<use cricketdatamodification.pdf, page 1>
Package pdftex.def Info: cricketdatamodification.pdf , page1 used on input line 403.
(pdftex.def)             Requested size: 614.58406pt x 795.3441pt.
 [21 </home/sb/dev/Projects-bi/cricket/g13odi/cricketdatamodification.pdf>]
<cricketdatamodification.pdf, id=409, page=2, 614.295pt x 794.97pt>
File: cricketdatamodification.pdf Graphic file (type pdf)
<use cricketdatamodification.pdf, page 2>
Package pdftex.def Info: cricketdatamodification.pdf , page2 used on input line 403.
(pdftex.def)             Requested size: 614.58406pt x 795.3441pt.
File: cricketdatamodification.pdf Graphic file (type pdf)
<use cricketdatamodification.pdf, page 2>
Package pdftex.def Info: cricketdatamodification.pdf , page2 used on input line 403.
(pdftex.def)             Requested size: 614.58406pt x 795.3441pt.
File: cricketdatamodification.pdf Graphic file (type pdf)
<use cricketdatamodification.pdf, page 2>
Package pdftex.def Info: cricketdatamodification.pdf , page2 used on input line 403.
(pdftex.def)             Requested size: 614.58406pt x 795.3441pt.
 [22 </home/sb/dev/Projects-bi/cricket/g13odi/cricketdatamodification.pdf>]
<cricketdatamodification.pdf, id=420, page=3, 614.295pt x 794.97pt>
File: cricketdatamodification.pdf Graphic file (type pdf)
<use cricketdatamodification.pdf, page 3>
Package pdftex.def Info: cricketdatamodification.pdf , page3 used on input line 403.
(pdftex.def)             Requested size: 614.58406pt x 795.3441pt.
File: cricketdatamodification.pdf Graphic file (type pdf)
<use cricketdatamodification.pdf, page 3>
Package pdftex.def Info: cricketdatamodification.pdf , page3 used on input line 403.
(pdftex.def)             Requested size: 614.58406pt x 795.3441pt.
File: cricketdatamodification.pdf Graphic file (type pdf)
<use cricketdatamodification.pdf, page 3>
Package pdftex.def Info: cricketdatamodification.pdf , page3 used on input line 403.
(pdftex.def)             Requested size: 614.58406pt x 795.3441pt.
 [23 </home/sb/dev/Projects-bi/cricket/g13odi/cricketdatamodification.pdf>]
<viscricket.pdf, id=426, 614.295pt x 794.97pt>
File: viscricket.pdf Graphic file (type pdf)
<use viscricket.pdf>
Package pdftex.def Info: viscricket.pdf  used on input line 405.
(pdftex.def)             Requested size: 614.29349pt x 794.96806pt.
File: viscricket.pdf Graphic file (type pdf)
<use viscricket.pdf>
Package pdftex.def Info: viscricket.pdf  used on input line 405.
(pdftex.def)             Requested size: 614.29349pt x 794.96806pt.
<viscricket.pdf, id=429, page=1, 614.295pt x 794.97pt>
File: viscricket.pdf Graphic file (type pdf)
<use viscricket.pdf, page 1>
Package pdftex.def Info: viscricket.pdf , page1 used on input line 405.
(pdftex.def)             Requested size: 614.29349pt x 794.96806pt.
File: viscricket.pdf Graphic file (type pdf)
<use viscricket.pdf, page 1>
Package pdftex.def Info: viscricket.pdf , page1 used on input line 405.
(pdftex.def)             Requested size: 614.58406pt x 795.3441pt.
 [24]
File: viscricket.pdf Graphic file (type pdf)
<use viscricket.pdf, page 1>
Package pdftex.def Info: viscricket.pdf , page1 used on input line 405.
(pdftex.def)             Requested size: 614.58406pt x 795.3441pt.
File: viscricket.pdf Graphic file (type pdf)
<use viscricket.pdf, page 1>
Package pdftex.def Info: viscricket.pdf , page1 used on input line 405.
(pdftex.def)             Requested size: 614.58406pt x 795.3441pt.
File: viscricket.pdf Graphic file (type pdf)
<use viscricket.pdf, page 1>
Package pdftex.def Info: viscricket.pdf , page1 used on input line 405.
(pdftex.def)             Requested size: 614.58406pt x 795.3441pt.
 [25 </home/sb/dev/Projects-bi/cricket/g13odi/viscricket.pdf>]
<viscricket.pdf, id=461, page=2, 614.295pt x 794.97pt>
File: viscricket.pdf Graphic file (type pdf)
<use viscricket.pdf, page 2>
Package pdftex.def Info: viscricket.pdf , page2 used on input line 405.
(pdftex.def)             Requested size: 614.58406pt x 795.3441pt.
File: viscricket.pdf Graphic file (type pdf)
<use viscricket.pdf, page 2>
Package pdftex.def Info: viscricket.pdf , page2 used on input line 405.
(pdftex.def)             Requested size: 614.58406pt x 795.3441pt.
File: viscricket.pdf Graphic file (type pdf)
<use viscricket.pdf, page 2>
Package pdftex.def Info: viscricket.pdf , page2 used on input line 405.
(pdftex.def)             Requested size: 614.58406pt x 795.3441pt.
 [26 </home/sb/dev/Projects-bi/cricket/g13odi/viscricket.pdf>]
<viscricket.pdf, id=476, page=3, 614.295pt x 794.97pt>
File: viscricket.pdf Graphic file (type pdf)
<use viscricket.pdf, page 3>
Package pdftex.def Info: viscricket.pdf , page3 used on input line 405.
(pdftex.def)             Requested size: 614.58406pt x 795.3441pt.
File: viscricket.pdf Graphic file (type pdf)
<use viscricket.pdf, page 3>
Package pdftex.def Info: viscricket.pdf , page3 used on input line 405.
(pdftex.def)             Requested size: 614.58406pt x 795.3441pt.
File: viscricket.pdf Graphic file (type pdf)
<use viscricket.pdf, page 3>
Package pdftex.def Info: viscricket.pdf , page3 used on input line 405.
(pdftex.def)             Requested size: 614.58406pt x 795.3441pt.
 [27 </home/sb/dev/Projects-bi/cricket/g13odi/viscricket.pdf>]
<viscricket.pdf, id=481, page=4, 614.295pt x 794.97pt>
File: viscricket.pdf Graphic file (type pdf)
<use viscricket.pdf, page 4>
Package pdftex.def Info: viscricket.pdf , page4 used on input line 405.
(pdftex.def)             Requested size: 614.58406pt x 795.3441pt.
File: viscricket.pdf Graphic file (type pdf)
<use viscricket.pdf, page 4>
Package pdftex.def Info: viscricket.pdf , page4 used on input line 405.
(pdftex.def)             Requested size: 614.58406pt x 795.3441pt.
File: viscricket.pdf Graphic file (type pdf)
<use viscricket.pdf, page 4>
Package pdftex.def Info: viscricket.pdf , page4 used on input line 405.
(pdftex.def)             Requested size: 614.58406pt x 795.3441pt.
 [28 </home/sb/dev/Projects-bi/cricket/g13odi/viscricket.pdf>]
<viscricket.pdf, id=486, page=5, 614.295pt x 794.97pt>
File: viscricket.pdf Graphic file (type pdf)
<use viscricket.pdf, page 5>
Package pdftex.def Info: viscricket.pdf , page5 used on input line 405.
(pdftex.def)             Requested size: 614.58406pt x 795.3441pt.
File: viscricket.pdf Graphic file (type pdf)
<use viscricket.pdf, page 5>
Package pdftex.def Info: viscricket.pdf , page5 used on input line 405.
(pdftex.def)             Requested size: 614.58406pt x 795.3441pt.
File: viscricket.pdf Graphic file (type pdf)
<use viscricket.pdf, page 5>
Package pdftex.def Info: viscricket.pdf , page5 used on input line 405.
(pdftex.def)             Requested size: 614.58406pt x 795.3441pt.
 [29 </home/sb/dev/Projects-bi/cricket/g13odi/viscricket.pdf>]
<viscricket.pdf, id=491, page=6, 614.295pt x 794.97pt>
File: viscricket.pdf Graphic file (type pdf)
<use viscricket.pdf, page 6>
Package pdftex.def Info: viscricket.pdf , page6 used on input line 405.
(pdftex.def)             Requested size: 614.58406pt x 795.3441pt.
File: viscricket.pdf Graphic file (type pdf)
<use viscricket.pdf, page 6>
Package pdftex.def Info: viscricket.pdf , page6 used on input line 405.
(pdftex.def)             Requested size: 614.58406pt x 795.3441pt.
File: viscricket.pdf Graphic file (type pdf)
<use viscricket.pdf, page 6>
Package pdftex.def Info: viscricket.pdf , page6 used on input line 405.
(pdftex.def)             Requested size: 614.58406pt x 795.3441pt.
 [30 </home/sb/dev/Projects-bi/cricket/g13odi/viscricket.pdf>]
<viscricket.pdf, id=499, page=7, 614.295pt x 794.97pt>
File: viscricket.pdf Graphic file (type pdf)
<use viscricket.pdf, page 7>
Package pdftex.def Info: viscricket.pdf , page7 used on input line 405.
(pdftex.def)             Requested size: 614.58406pt x 795.3441pt.
File: viscricket.pdf Graphic file (type pdf)
<use viscricket.pdf, page 7>
Package pdftex.def Info: viscricket.pdf , page7 used on input line 405.
(pdftex.def)             Requested size: 614.58406pt x 795.3441pt.
File: viscricket.pdf Graphic file (type pdf)
<use viscricket.pdf, page 7>
Package pdftex.def Info: viscricket.pdf , page7 used on input line 405.
(pdftex.def)             Requested size: 614.58406pt x 795.3441pt.
 [31 </home/sb/dev/Projects-bi/cricket/g13odi/viscricket.pdf>]
<viscricket.pdf, id=505, page=8, 614.295pt x 794.97pt>
File: viscricket.pdf Graphic file (type pdf)
<use viscricket.pdf, page 8>
Package pdftex.def Info: viscricket.pdf , page8 used on input line 405.
(pdftex.def)             Requested size: 614.58406pt x 795.3441pt.
File: viscricket.pdf Graphic file (type pdf)
<use viscricket.pdf, page 8>
Package pdftex.def Info: viscricket.pdf , page8 used on input line 405.
(pdftex.def)             Requested size: 614.58406pt x 795.3441pt.
File: viscricket.pdf Graphic file (type pdf)
<use viscricket.pdf, page 8>
Package pdftex.def Info: viscricket.pdf , page8 used on input line 405.
(pdftex.def)             Requested size: 614.58406pt x 795.3441pt.
 [32 </home/sb/dev/Projects-bi/cricket/g13odi/viscricket.pdf>]
<viscricket.pdf, id=510, page=9, 614.295pt x 794.97pt>
File: viscricket.pdf Graphic file (type pdf)
<use viscricket.pdf, page 9>
Package pdftex.def Info: viscricket.pdf , page9 used on input line 405.
(pdftex.def)             Requested size: 614.58406pt x 795.3441pt.
File: viscricket.pdf Graphic file (type pdf)
<use viscricket.pdf, page 9>
Package pdftex.def Info: viscricket.pdf , page9 used on input line 405.
(pdftex.def)             Requested size: 614.58406pt x 795.3441pt.
File: viscricket.pdf Graphic file (type pdf)
<use viscricket.pdf, page 9>
Package pdftex.def Info: viscricket.pdf , page9 used on input line 405.
(pdftex.def)             Requested size: 614.58406pt x 795.3441pt.
 [33 </home/sb/dev/Projects-bi/cricket/g13odi/viscricket.pdf>]
<viscricket.pdf, id=515, page=10, 614.295pt x 794.97pt>
File: viscricket.pdf Graphic file (type pdf)
<use viscricket.pdf, page 10>
Package pdftex.def Info: viscricket.pdf , page10 used on input line 405.
(pdftex.def)             Requested size: 614.58406pt x 795.3441pt.
File: viscricket.pdf Graphic file (type pdf)
<use viscricket.pdf, page 10>
Package pdftex.def Info: viscricket.pdf , page10 used on input line 405.
(pdftex.def)             Requested size: 614.58406pt x 795.3441pt.
File: viscricket.pdf Graphic file (type pdf)
<use viscricket.pdf, page 10>
Package pdftex.def Info: viscricket.pdf , page10 used on input line 405.
(pdftex.def)             Requested size: 614.58406pt x 795.3441pt.
 [34 </home/sb/dev/Projects-bi/cricket/g13odi/viscricket.pdf>]
<viscricket.pdf, id=520, page=11, 614.295pt x 794.97pt>
File: viscricket.pdf Graphic file (type pdf)
<use viscricket.pdf, page 11>
Package pdftex.def Info: viscricket.pdf , page11 used on input line 405.
(pdftex.def)             Requested size: 614.58406pt x 795.3441pt.
File: viscricket.pdf Graphic file (type pdf)
<use viscricket.pdf, page 11>
Package pdftex.def Info: viscricket.pdf , page11 used on input line 405.
(pdftex.def)             Requested size: 614.58406pt x 795.3441pt.
File: viscricket.pdf Graphic file (type pdf)
<use viscricket.pdf, page 11>
Package pdftex.def Info: viscricket.pdf , page11 used on input line 405.
(pdftex.def)             Requested size: 614.58406pt x 795.3441pt.
 [35 </home/sb/dev/Projects-bi/cricket/g13odi/viscricket.pdf>]
<viscricket.pdf, id=525, page=12, 614.295pt x 794.97pt>
File: viscricket.pdf Graphic file (type pdf)
<use viscricket.pdf, page 12>
Package pdftex.def Info: viscricket.pdf , page12 used on input line 405.
(pdftex.def)             Requested size: 614.58406pt x 795.3441pt.
File: viscricket.pdf Graphic file (type pdf)
<use viscricket.pdf, page 12>
Package pdftex.def Info: viscricket.pdf , page12 used on input line 405.
(pdftex.def)             Requested size: 614.58406pt x 795.3441pt.
File: viscricket.pdf Graphic file (type pdf)
<use viscricket.pdf, page 12>
Package pdftex.def Info: viscricket.pdf , page12 used on input line 405.
(pdftex.def)             Requested size: 614.58406pt x 795.3441pt.
 [36 </home/sb/dev/Projects-bi/cricket/g13odi/viscricket.pdf>]
<hypothesisnb.pdf, id=531, 614.295pt x 794.97pt>
File: hypothesisnb.pdf Graphic file (type pdf)
<use hypothesisnb.pdf>
Package pdftex.def Info: hypothesisnb.pdf  used on input line 407.
(pdftex.def)             Requested size: 614.29349pt x 794.96806pt.
File: hypothesisnb.pdf Graphic file (type pdf)
<use hypothesisnb.pdf>
Package pdftex.def Info: hypothesisnb.pdf  used on input line 407.
(pdftex.def)             Requested size: 614.29349pt x 794.96806pt.
<hypothesisnb.pdf, id=534, page=1, 614.295pt x 794.97pt>
File: hypothesisnb.pdf Graphic file (type pdf)
<use hypothesisnb.pdf, page 1>
Package pdftex.def Info: hypothesisnb.pdf , page1 used on input line 407.
(pdftex.def)             Requested size: 614.29349pt x 794.96806pt.
File: hypothesisnb.pdf Graphic file (type pdf)
<use hypothesisnb.pdf, page 1>
Package pdftex.def Info: hypothesisnb.pdf , page1 used on input line 407.
(pdftex.def)             Requested size: 614.58406pt x 795.3441pt.
 [37]
File: hypothesisnb.pdf Graphic file (type pdf)
<use hypothesisnb.pdf, page 1>
Package pdftex.def Info: hypothesisnb.pdf , page1 used on input line 407.
(pdftex.def)             Requested size: 614.58406pt x 795.3441pt.
File: hypothesisnb.pdf Graphic file (type pdf)
<use hypothesisnb.pdf, page 1>
Package pdftex.def Info: hypothesisnb.pdf , page1 used on input line 407.
(pdftex.def)             Requested size: 614.58406pt x 795.3441pt.
File: hypothesisnb.pdf Graphic file (type pdf)
<use hypothesisnb.pdf, page 1>
Package pdftex.def Info: hypothesisnb.pdf , page1 used on input line 407.
(pdftex.def)             Requested size: 614.58406pt x 795.3441pt.
 [38 </home/sb/dev/Projects-bi/cricket/g13odi/hypothesisnb.pdf>]
<hypothesisnb.pdf, id=575, page=2, 614.295pt x 794.97pt>
File: hypothesisnb.pdf Graphic file (type pdf)
<use hypothesisnb.pdf, page 2>
Package pdftex.def Info: hypothesisnb.pdf , page2 used on input line 407.
(pdftex.def)             Requested size: 614.58406pt x 795.3441pt.
File: hypothesisnb.pdf Graphic file (type pdf)
<use hypothesisnb.pdf, page 2>
Package pdftex.def Info: hypothesisnb.pdf , page2 used on input line 407.
(pdftex.def)             Requested size: 614.58406pt x 795.3441pt.
File: hypothesisnb.pdf Graphic file (type pdf)
<use hypothesisnb.pdf, page 2>
Package pdftex.def Info: hypothesisnb.pdf , page2 used on input line 407.
(pdftex.def)             Requested size: 614.58406pt x 795.3441pt.
 [39 </home/sb/dev/Projects-bi/cricket/g13odi/hypothesisnb.pdf>]
<hypothesisnb.pdf, id=580, page=3, 614.295pt x 794.97pt>
File: hypothesisnb.pdf Graphic file (type pdf)
<use hypothesisnb.pdf, page 3>
Package pdftex.def Info: hypothesisnb.pdf , page3 used on input line 407.
(pdftex.def)             Requested size: 614.58406pt x 795.3441pt.
File: hypothesisnb.pdf Graphic file (type pdf)
<use hypothesisnb.pdf, page 3>
Package pdftex.def Info: hypothesisnb.pdf , page3 used on input line 407.
(pdftex.def)             Requested size: 614.58406pt x 795.3441pt.
File: hypothesisnb.pdf Graphic file (type pdf)
<use hypothesisnb.pdf, page 3>
Package pdftex.def Info: hypothesisnb.pdf , page3 used on input line 407.
(pdftex.def)             Requested size: 614.58406pt x 795.3441pt.
 [40 </home/sb/dev/Projects-bi/cricket/g13odi/hypothesisnb.pdf>]
<hypothesisnb.pdf, id=585, page=4, 614.295pt x 794.97pt>
File: hypothesisnb.pdf Graphic file (type pdf)
<use hypothesisnb.pdf, page 4>
Package pdftex.def Info: hypothesisnb.pdf , page4 used on input line 407.
(pdftex.def)             Requested size: 614.58406pt x 795.3441pt.
File: hypothesisnb.pdf Graphic file (type pdf)
<use hypothesisnb.pdf, page 4>
Package pdftex.def Info: hypothesisnb.pdf , page4 used on input line 407.
(pdftex.def)             Requested size: 614.58406pt x 795.3441pt.
File: hypothesisnb.pdf Graphic file (type pdf)
<use hypothesisnb.pdf, page 4>
Package pdftex.def Info: hypothesisnb.pdf , page4 used on input line 407.
(pdftex.def)             Requested size: 614.58406pt x 795.3441pt.
 [41 </home/sb/dev/Projects-bi/cricket/g13odi/hypothesisnb.pdf>]
<hypothesisnb.pdf, id=591, page=5, 614.295pt x 794.97pt>
File: hypothesisnb.pdf Graphic file (type pdf)
<use hypothesisnb.pdf, page 5>
Package pdftex.def Info: hypothesisnb.pdf , page5 used on input line 407.
(pdftex.def)             Requested size: 614.58406pt x 795.3441pt.
File: hypothesisnb.pdf Graphic file (type pdf)
<use hypothesisnb.pdf, page 5>
Package pdftex.def Info: hypothesisnb.pdf , page5 used on input line 407.
(pdftex.def)             Requested size: 614.58406pt x 795.3441pt.
File: hypothesisnb.pdf Graphic file (type pdf)
<use hypothesisnb.pdf, page 5>
Package pdftex.def Info: hypothesisnb.pdf , page5 used on input line 407.
(pdftex.def)             Requested size: 614.58406pt x 795.3441pt.
 [42 </home/sb/dev/Projects-bi/cricket/g13odi/hypothesisnb.pdf>]
<hypothesisnb.pdf, id=596, page=6, 614.295pt x 794.97pt>
File: hypothesisnb.pdf Graphic file (type pdf)
<use hypothesisnb.pdf, page 6>
Package pdftex.def Info: hypothesisnb.pdf , page6 used on input line 407.
(pdftex.def)             Requested size: 614.58406pt x 795.3441pt.
File: hypothesisnb.pdf Graphic file (type pdf)
<use hypothesisnb.pdf, page 6>
Package pdftex.def Info: hypothesisnb.pdf , page6 used on input line 407.
(pdftex.def)             Requested size: 614.58406pt x 795.3441pt.
File: hypothesisnb.pdf Graphic file (type pdf)
<use hypothesisnb.pdf, page 6>
Package pdftex.def Info: hypothesisnb.pdf , page6 used on input line 407.
(pdftex.def)             Requested size: 614.58406pt x 795.3441pt.
 [43 </home/sb/dev/Projects-bi/cricket/g13odi/hypothesisnb.pdf>]
<hypothesisnb.pdf, id=602, page=7, 614.295pt x 794.97pt>
File: hypothesisnb.pdf Graphic file (type pdf)
<use hypothesisnb.pdf, page 7>
Package pdftex.def Info: hypothesisnb.pdf , page7 used on input line 407.
(pdftex.def)             Requested size: 614.58406pt x 795.3441pt.
File: hypothesisnb.pdf Graphic file (type pdf)
<use hypothesisnb.pdf, page 7>
Package pdftex.def Info: hypothesisnb.pdf , page7 used on input line 407.
(pdftex.def)             Requested size: 614.58406pt x 795.3441pt.
File: hypothesisnb.pdf Graphic file (type pdf)
<use hypothesisnb.pdf, page 7>
Package pdftex.def Info: hypothesisnb.pdf , page7 used on input line 407.
(pdftex.def)             Requested size: 614.58406pt x 795.3441pt.
 [44 </home/sb/dev/Projects-bi/cricket/g13odi/hypothesisnb.pdf>]
<hypothesisnb.pdf, id=610, page=8, 614.295pt x 794.97pt>
File: hypothesisnb.pdf Graphic file (type pdf)
<use hypothesisnb.pdf, page 8>
Package pdftex.def Info: hypothesisnb.pdf , page8 used on input line 407.
(pdftex.def)             Requested size: 614.58406pt x 795.3441pt.
File: hypothesisnb.pdf Graphic file (type pdf)
<use hypothesisnb.pdf, page 8>
Package pdftex.def Info: hypothesisnb.pdf , page8 used on input line 407.
(pdftex.def)             Requested size: 614.58406pt x 795.3441pt.
File: hypothesisnb.pdf Graphic file (type pdf)
<use hypothesisnb.pdf, page 8>
Package pdftex.def Info: hypothesisnb.pdf , page8 used on input line 407.
(pdftex.def)             Requested size: 614.58406pt x 795.3441pt.
 [45 </home/sb/dev/Projects-bi/cricket/g13odi/hypothesisnb.pdf>]
<hypothesisnb.pdf, id=615, page=9, 614.295pt x 794.97pt>
File: hypothesisnb.pdf Graphic file (type pdf)
<use hypothesisnb.pdf, page 9>
Package pdftex.def Info: hypothesisnb.pdf , page9 used on input line 407.
(pdftex.def)             Requested size: 614.58406pt x 795.3441pt.
File: hypothesisnb.pdf Graphic file (type pdf)
<use hypothesisnb.pdf, page 9>
Package pdftex.def Info: hypothesisnb.pdf , page9 used on input line 407.
(pdftex.def)             Requested size: 614.58406pt x 795.3441pt.
File: hypothesisnb.pdf Graphic file (type pdf)
<use hypothesisnb.pdf, page 9>
Package pdftex.def Info: hypothesisnb.pdf , page9 used on input line 407.
(pdftex.def)             Requested size: 614.58406pt x 795.3441pt.
 [46 </home/sb/dev/Projects-bi/cricket/g13odi/hypothesisnb.pdf>] 
AED: lastpage setting LastPage
Package atveryend Info: Empty hook `BeforeClearDocument' on input line 408.
Package atveryend Info: Empty hook `AfterLastShipout' on input line 408.
(/home/sb/dev/Projects-bi/cricket/g13odi/main.aux)
Package atveryend Info: Executing hook `AtVeryEndDocument' on input line 408.
Package atveryend Info: Executing hook `AtEndAfterFileList' on input line 408.
Package rerunfilecheck Info: File `main.out' has not changed.
(rerunfilecheck)             Checksum: AC8E148730F10EF7A3573C287CD82075;1214.
Package atveryend Info: Empty hook `AtVeryVeryEnd' on input line 408.
 ) 
Here is how much of TeX's memory you used:
 29910 strings out of 492164
 578148 string characters out of 6127731
 696858 words of memory out of 5000000
 33665 multiletter control sequences out of 15000+600000
 579375 words of font info for 160 fonts, out of 8000000 for 9000
 1141 hyphenation exceptions out of 8191
 52i,18n,71p,370b,552s stack positions out of 5000i,500n,10000p,200000b,80000s
{/usr/share/texlive/texmf-dist/fonts/enc/dvips/base/8r.enc}</usr/share/texlive/texmf-dist/fonts/type1/public/amsfonts/cm/cmmi10.pfb></usr/share/texlive/texmf-dist/fonts/type1/public/amsfonts/cm/cmsy10.pfb></usr/share/texmf/fonts/type1/public/lm/lmtk10.pfb></usr/share/texmf/fonts/type1/public/lm/lmtt10.pfb></usr/share/texmf/fonts/type1/public/lm/lmtti10.pfb></usr/share/texlive/texmf-dist/fonts/type1/urw/helvetic/uhvb8a.pfb></usr/share/texlive/texmf-dist/fonts/type1/urw/helvetic/uhvbo8a.pfb></usr/share/texlive/texmf-dist/fonts/type1/urw/helvetic/uhvr8a.pfb></usr/share/texlive/texmf-dist/fonts/type1/urw/palatino/uplb8a.pfb></usr/share/texlive/texmf-dist/fonts/type1/urw/palatino/uplr8a.pfb></usr/share/texlive/texmf-dist/fonts/type1/urw/times/utmb8a.pfb></usr/share/texlive/texmf-dist/fonts/type1/urw/times/utmr8a.pfb>
Output written on /home/sb/dev/Projects-bi/cricket/g13odi/main.pdf (46 pages, 972805 bytes).
PDF statistics:
 680 PDF objects out of 1000 (max. 8388607)
 515 compressed objects within 6 object streams
 140 named destinations out of 1000 (max. 500000)
 30676 words of extra memory for PDF output out of 35830 (max. 10000000)

